------------------------------------------------------------
[Data: Wed Oct  3 16:58:48 2012]
------------------------------------------------------------
FUB:
LU: 8
BFS: 4
Tempo de execucao:0.29920291900634766 segundos

RFUB:
LU: 7
BFS: 5 Valor de k: 10
Tempo de execucao:0.3402118682861328 segundos
------------------------------------------------------------


------------------------------------------------------------
[Data: Wed Oct  3 17:00:49 2012]
------------------------------------------------------------
FUB:
LU: 8
BFS: 16
Tempo de execucao:1.1267509460449219 segundos

RFUB:
LU: 9
BFS: 10217 Valor de k: 1
Tempo de execucao:289.9831521511078 segundos
------------------------------------------------------------


