------------------------------------------------------------
[Data: Tue Oct  2 17:51:27 2012]
------------------------------------------------------------
FUB:
LU: 6
BFS: 44
Tempo de execucao:3.9636359214782715 segundos

RFUB:
LU: 6
BFS: 5 Valor de k: 5
Tempo de execucao:0.33422303199768066 segundos
------------------------------------------------------------


------------------------------------------------------------
[Data: Wed Oct  3 16:27:21 2012]
------------------------------------------------------------
FUB:
LU: 6
BFS: 54
Tempo de execucao:0.6154019832611084 segundos

RFUB:
LU: 5
BFS: 5 Valor de k: 15
Tempo de execucao:0.05504608154296875 segundos
------------------------------------------------------------


------------------------------------------------------------
[Data: Wed Oct  3 16:27:24 2012]
------------------------------------------------------------
FUB:
LU: 6
BFS: 84
Tempo de execucao:0.9386270046234131 segundos

RFUB:
LU: 6
BFS: 5 Valor de k: 15
Tempo de execucao:0.056036949157714844 segundos
------------------------------------------------------------


------------------------------------------------------------
[Data: Wed Oct  3 16:27:26 2012]
------------------------------------------------------------
FUB:
LU: 6
BFS: 54
Tempo de execucao:0.6204140186309814 segundos

RFUB:
LU: 5
BFS: 5 Valor de k: 15
Tempo de execucao:0.05803990364074707 segundos
------------------------------------------------------------


------------------------------------------------------------
[Data: Wed Oct  3 16:27:28 2012]
------------------------------------------------------------
FUB:
LU: 6
BFS: 27
Tempo de execucao:0.31821203231811523 segundos

RFUB:
LU: 6
BFS: 5 Valor de k: 15
Tempo de execucao:0.054035186767578125 segundos
------------------------------------------------------------


------------------------------------------------------------
[Data: Wed Oct  3 16:27:29 2012]
------------------------------------------------------------
FUB:
LU: 7
BFS: 4
Tempo de execucao:0.07004904747009277 segundos

RFUB:
LU: 6
BFS: 5 Valor de k: 15
Tempo de execucao:0.05603599548339844 segundos
------------------------------------------------------------


------------------------------------------------------------
[Data: Wed Oct  3 16:27:31 2012]
------------------------------------------------------------
FUB:
LU: 6
BFS: 29
Tempo de execucao:0.33922696113586426 segundos

RFUB:
LU: 6
BFS: 5 Valor de k: 15
Tempo de execucao:0.056036949157714844 segundos
------------------------------------------------------------


------------------------------------------------------------
[Data: Wed Oct  3 16:27:32 2012]
------------------------------------------------------------
FUB:
LU: 6
BFS: 16
Tempo de execucao:0.19910502433776855 segundos

RFUB:
LU: 6
BFS: 5 Valor de k: 15
Tempo de execucao:0.05568695068359375 segundos
------------------------------------------------------------


------------------------------------------------------------
[Data: Wed Oct  3 16:27:34 2012]
------------------------------------------------------------
FUB:
LU: 6
BFS: 30
Tempo de execucao:0.36023998260498047 segundos

RFUB:
LU: 6
BFS: 5 Valor de k: 15
Tempo de execucao:0.05803799629211426 segundos
------------------------------------------------------------


------------------------------------------------------------
[Data: Wed Oct  3 16:27:36 2012]
------------------------------------------------------------
FUB:
LU: 6
BFS: 33
Tempo de execucao:0.38824987411499023 segundos

RFUB:
LU: 6
BFS: 5 Valor de k: 15
Tempo de execucao:0.05604696273803711 segundos
------------------------------------------------------------


------------------------------------------------------------
[Data: Wed Oct  3 16:27:37 2012]
------------------------------------------------------------
FUB:
LU: 6
BFS: 101
Tempo de execucao:1.1307549476623535 segundos

RFUB:
LU: 6
BFS: 5 Valor de k: 15
Tempo de execucao:0.05503487586975098 segundos
------------------------------------------------------------


