------------------------------------------------------------
[Data: Wed Oct  3 16:16:13 2012]
------------------------------------------------------------
FUB:
LU: 16
BFS: 16
Tempo de execucao:7.96030592918396 segundos

RFUB:
LU: 29
BFS: 5 Valor de k: 5
Tempo de execucao:1.330888032913208 segundos
------------------------------------------------------------


------------------------------------------------------------
[Data: Wed Oct  3 16:17:11 2012]
------------------------------------------------------------
FUB:
LU: 30
BFS: 6
Tempo de execucao:0.43729591369628906 segundos

RFUB:
LU: 28
BFS: 5 Valor de k: 5
Tempo de execucao:0.34723901748657227 segundos
------------------------------------------------------------


------------------------------------------------------------
[Data: Wed Oct  3 16:18:47 2012]
------------------------------------------------------------
FUB:
LU: 16
BFS: 16
Tempo de execucao:1.1407580375671387 segundos

RFUB:
LU: 29
BFS: 5 Valor de k: 5
Tempo de execucao:0.34521985054016113 segundos
------------------------------------------------------------


------------------------------------------------------------
[Data: Wed Oct  3 16:19:49 2012]
------------------------------------------------------------
FUB:
LU: 16
BFS: 14
Tempo de execucao:1.0106730461120605 segundos

RFUB:
LU: 29
BFS: 5 Valor de k: 5
Tempo de execucao:0.3552389144897461 segundos
------------------------------------------------------------


------------------------------------------------------------
[Data: Wed Oct  3 16:20:14 2012]
------------------------------------------------------------
FUB:
LU: 17
BFS: 4
Tempo de execucao:0.3002018928527832 segundos

RFUB:
LU: 29
BFS: 5 Valor de k: 5
Tempo de execucao:0.3462190628051758 segundos
------------------------------------------------------------


------------------------------------------------------------
[Data: Wed Oct  3 16:20:29 2012]
------------------------------------------------------------
FUB:
LU: 16
BFS: 21
Tempo de execucao:1.4559659957885742 segundos

RFUB:
LU: 29
BFS: 5 Valor de k: 5
Tempo de execucao:0.30920886993408203 segundos
------------------------------------------------------------


------------------------------------------------------------
[Data: Wed Oct  3 16:22:56 2012]
------------------------------------------------------------
FUB:
LU: 18
BFS: 11
Tempo de execucao:0.7985320091247559 segundos

RFUB:
LU: 28
BFS: 5 Valor de k: 15
Tempo de execucao:0.3552379608154297 segundos
------------------------------------------------------------


------------------------------------------------------------
[Data: Wed Oct  3 16:23:01 2012]
------------------------------------------------------------
FUB:
LU: 19
BFS: 7
Tempo de execucao:0.5173449516296387 segundos

RFUB:
LU: 30
BFS: 5958 Valor de k: 15
Tempo de execucao:136.22013211250305 segundos
------------------------------------------------------------


------------------------------------------------------------
[Data: Wed Oct  3 16:51:41 2012]
------------------------------------------------------------
FUB:
LU: 1
BFS: 4
Tempo de execucao:0.027027130126953125 segundos

RFUB:
LU: 12
BFS: 5 Valor de k: 5
Tempo de execucao:0.0070040225982666016 segundos
------------------------------------------------------------


------------------------------------------------------------
[Data: Wed Oct  3 16:51:44 2012]
------------------------------------------------------------
FUB:
LU: 1
BFS: 4
Tempo de execucao:0.025016069412231445 segundos

RFUB:
LU: 2
BFS: 5 Valor de k: 5
Tempo de execucao:0.0010018348693847656 segundos
------------------------------------------------------------


------------------------------------------------------------
[Data: Wed Oct  3 16:51:46 2012]
------------------------------------------------------------
FUB:
LU: 1
BFS: 4
Tempo de execucao:0.02801990509033203 segundos

RFUB:
LU: 4
BFS: 5 Valor de k: 5
Tempo de execucao:0.0030069351196289062 segundos
------------------------------------------------------------


------------------------------------------------------------
[Data: Wed Oct  3 16:51:47 2012]
------------------------------------------------------------
FUB:
LU: 1
BFS: 4
Tempo de execucao:0.026020050048828125 segundos

RFUB:
LU: 2
BFS: 5 Valor de k: 5
Tempo de execucao:0.0009999275207519531 segundos
------------------------------------------------------------


------------------------------------------------------------
[Data: Wed Oct  3 16:51:49 2012]
------------------------------------------------------------
FUB:
LU: 1
BFS: 4
Tempo de execucao:0.02501392364501953 segundos

RFUB:
LU: 9
BFS: 5 Valor de k: 5
Tempo de execucao:0.002003908157348633 segundos
------------------------------------------------------------


